2019-09-28 12:53:03LoginTest.pysetUp[line:19]INFO:======This is setUp function======
2019-09-28 12:53:03LoginTest.pytearDown[line:22]INFO:======This is tearDown function======
2019-09-28 12:53:03LoginTest.pysetUp[line:19]INFO:======This is setUp function======
2019-09-28 12:53:03LoginTest.pytearDown[line:22]INFO:======This is tearDown function======
2019-09-28 12:58:52LoginTest.pysetUp[line:19]INFO:======This is setUp function======
2019-09-28 12:58:52LoginTest.pytearDown[line:22]INFO:======This is tearDown function======
2019-09-28 12:58:52LoginTest.pysetUp[line:19]INFO:======This is setUp function======
2019-09-28 12:58:52LoginTest.pytearDown[line:22]INFO:======This is tearDown function======
2019-09-28 13:00:44LoginTest.pysetUp[line:19]INFO:======This is setUp function======
2019-09-28 13:00:44LoginTest.pytearDown[line:22]INFO:======This is tearDown function======
2019-09-28 13:00:44LoginTest.pysetUp[line:19]INFO:======This is setUp function======
2019-09-28 13:00:44LoginTest.pytearDown[line:22]INFO:======This is tearDown function======
2019-09-28 13:46:13LoginTest.pysetUp[line:19]INFO:======This is setUp function======
2019-09-28 13:46:13LoginTest.pytearDown[line:22]INFO:======This is tearDown function======
2019-09-28 13:46:13LoginTest.pysetUp[line:19]INFO:======This is setUp function======
2019-09-28 13:46:13LoginTest.pytearDown[line:22]INFO:======This is tearDown function======
2019-09-28 13:53:39LoginTest.pysetUp[line:19]INFO:======This is setUp function======
2019-09-28 13:53:39LoginTest.pytearDown[line:22]INFO:======This is tearDown function======
2019-09-28 13:53:39LoginTest.pysetUp[line:19]INFO:======This is setUp function======
2019-09-28 13:53:39LoginTest.pytearDown[line:22]INFO:======This is tearDown function======
2019-09-28 13:57:45LoginTest.pysetUp[line:19]INFO:======This is setUp function======
2019-09-28 13:57:45LoginTest.pytearDown[line:22]INFO:======This is tearDown function======
2019-09-28 13:57:45LoginTest.pysetUp[line:19]INFO:======This is setUp function======
2019-09-28 13:57:45LoginTest.pytearDown[line:22]INFO:======This is tearDown function======
2019-09-28 14:08:56LoginTest.pysetUp[line:19]INFO:======This is setUp function======
2019-09-28 14:08:56LoginTest.pytearDown[line:22]INFO:======This is tearDown function======
2019-09-28 14:08:56LoginTest.pysetUp[line:19]INFO:======This is setUp function======
2019-09-28 14:08:56LoginTest.pytearDown[line:22]INFO:======This is tearDown function======
2019-09-28 14:14:37LoginTest.pysetUp[line:19]INFO:======This is setUp function======
2019-09-28 14:14:37LoginTest.pytearDown[line:22]INFO:======This is tearDown function======
2019-09-28 14:14:37LoginTest.pysetUp[line:19]INFO:======This is setUp function======
2019-09-28 14:14:37LoginTest.pytearDown[line:22]INFO:======This is tearDown function======
2019-09-28 14:15:25LoginTest.pysetUp[line:19]INFO:======This is setUp function======
2019-09-28 14:15:25LoginTest.pytearDown[line:22]INFO:======This is tearDown function======
2019-09-28 14:15:25LoginTest.pysetUp[line:19]INFO:======This is setUp function======
2019-09-28 14:15:25LoginTest.pytearDown[line:22]INFO:======This is tearDown function======
2019-09-28 14:15:54LoginTest.pysetUp[line:19]INFO:======This is setUp function======
2019-09-28 14:15:54LoginTest.pytearDown[line:22]INFO:======This is tearDown function======
2019-09-28 14:15:54LoginTest.pysetUp[line:19]INFO:======This is setUp function======
2019-09-28 14:15:54LoginTest.pytearDown[line:22]INFO:======This is tearDown function======
2019-09-28 14:19:40LoginTest.pysetUp[line:19]INFO:======This is setUp function======
2019-09-28 14:21:35LoginTest.pysetUp[line:19]INFO:======This is setUp function======
2019-09-28 14:22:27LoginTest.pysetUp[line:19]INFO:======This is setUp function======
2019-09-28 14:34:55LoginTest.pysetUp[line:19]INFO:======This is setUp function======
2019-09-28 14:38:04LoginTest.pysetUp[line:19]INFO:======This is setUp function======
2019-09-28 14:48:27LoginTest.pysetUp[line:16]INFO:======This is setUp function======
2019-09-28 14:48:27LoginTest.pytearDown[line:19]INFO:======This is tearDown function======
2019-09-28 14:48:27LoginTest.pysetUp[line:16]INFO:======This is setUp function======
2019-09-28 14:48:27LoginTest.pytearDown[line:19]INFO:======This is tearDown function======
2019-09-28 14:53:42LoginTest.pysetUp[line:16]INFO:======This is setUp function======
2019-09-28 14:53:42LoginTest.pytearDown[line:19]INFO:======This is tearDown function======
2019-09-28 14:53:42LoginTest.pysetUp[line:16]INFO:======This is setUp function======
2019-09-28 14:53:42LoginTest.pytearDown[line:19]INFO:======This is tearDown function======
2019-09-28 14:54:58LoginTest.pysetUp[line:17]INFO:======This is setUp function======
2019-09-28 14:54:58LoginTest.pytearDown[line:21]INFO:======This is tearDown function======
2019-09-28 14:54:58LoginTest.pysetUp[line:17]INFO:======This is setUp function======
2019-09-28 14:54:58LoginTest.pytearDown[line:21]INFO:======This is tearDown function======
2019-09-28 14:55:39LoginTest.pysetUp[line:17]INFO:======This is setUp function======
2019-09-28 14:55:39LoginTest.pytearDown[line:21]INFO:======This is tearDown function======
2019-09-28 14:55:39LoginTest.pysetUp[line:17]INFO:======This is setUp function======
2019-09-28 14:55:39LoginTest.pytearDown[line:21]INFO:======This is tearDown function======
2019-09-28 14:58:57LoginTest.pysetUp[line:17]INFO:======This is setUp function======
2019-09-28 15:01:19LoginTest.pysetUp[line:17]INFO:======This is setUp function======
2019-09-28 15:01:19LoginTest.pytearDown[line:21]INFO:======This is tearDown function======
2019-09-28 15:01:19LoginTest.pysetUp[line:17]INFO:======This is setUp function======
2019-09-28 15:01:19LoginTest.pytearDown[line:21]INFO:======This is tearDown function======
2019-09-28 15:10:57LoginTest.pysetUp[line:17]INFO:======This is setUp function======
2019-09-28 15:10:57LoginTest.pytearDown[line:21]INFO:======This is tearDown function======
2019-09-28 15:10:57LoginTest.pysetUp[line:17]INFO:======This is setUp function======
2019-09-28 15:10:57LoginTest.pytearDown[line:21]INFO:======This is tearDown function======
2019-09-28 15:16:51LoginTest.pysetUp[line:17]INFO:======This is setUp function======
2019-09-28 15:16:51LoginTest.pytearDown[line:21]INFO:======This is tearDown function======
2019-09-28 15:16:51LoginTest.pysetUp[line:17]INFO:======This is setUp function======
2019-09-28 15:16:51LoginTest.pytearDown[line:21]INFO:======This is tearDown function======
2019-09-28 15:18:43LoginTest.pysetUp[line:17]INFO:======This is setUp function======
2019-09-28 15:18:43LoginTest.pytearDown[line:21]INFO:======This is tearDown function======
2019-09-28 15:18:43LoginTest.pysetUp[line:17]INFO:======This is setUp function======
2019-09-28 15:18:43LoginTest.pytearDown[line:21]INFO:======This is tearDown function======
2019-09-28 15:32:08LoginTest.pysetUp[line:17]INFO:======This is setUp function======
2019-09-28 15:32:08LoginTest.pytearDown[line:21]INFO:======This is tearDown function======
2019-09-28 15:32:08LoginTest.pysetUp[line:17]INFO:======This is setUp function======
2019-09-28 15:32:08LoginTest.pytearDown[line:21]INFO:======This is tearDown function======
2019-09-28 15:41:01LoginTest.pysetUp[line:17]INFO:======This is setUp function======
2019-09-28 15:41:01LoginTest.pytearDown[line:21]INFO:======This is tearDown function======
2019-09-28 15:41:01LoginTest.pysetUp[line:17]INFO:======This is setUp function======
2019-09-28 15:41:01LoginTest.pytearDown[line:21]INFO:======This is tearDown function======
2019-09-28 15:45:12LoginTest.pysetUp[line:17]INFO:======This is setUp function======
2019-09-28 15:45:12LoginTest.pytearDown[line:21]INFO:======This is tearDown function======
2019-09-28 15:45:12LoginTest.pysetUp[line:17]INFO:======This is setUp function======
2019-09-28 15:45:12LoginTest.pytearDown[line:21]INFO:======This is tearDown function======
2019-09-28 15:45:41LoginTest.pysetUp[line:17]INFO:======This is setUp function======
2019-09-28 15:45:49LoginTest.pytearDown[line:21]INFO:======This is tearDown function======
2019-09-28 15:46:21LoginTest.pysetUp[line:17]INFO:======This is setUp function======
2019-09-28 15:46:21LoginTest.pytearDown[line:21]INFO:======This is tearDown function======
2019-09-28 15:47:45LoginTest.pysetUp[line:17]INFO:======This is setUp function======
2019-09-28 15:49:43LoginTest.pysetUp[line:17]INFO:======This is setUp function======
2019-09-28 15:49:49LoginTest.pytearDown[line:21]INFO:======This is tearDown function======
2019-09-28 15:49:49LoginTest.pysetUp[line:17]INFO:======This is setUp function======
2019-09-28 15:49:49LoginTest.pytearDown[line:21]INFO:======This is tearDown function======
2019-09-28 15:50:40LoginTest.pysetUp[line:17]INFO:======This is setUp function======
2019-09-28 15:50:40LoginTest.pytearDown[line:21]INFO:======This is tearDown function======
2019-09-28 15:50:40LoginTest.pysetUp[line:17]INFO:======This is setUp function======
2019-09-28 15:50:40LoginTest.pytearDown[line:21]INFO:======This is tearDown function======
2019-09-28 15:52:04LoginTest.pysetUp[line:17]INFO:======This is setUp function======
2019-09-28 15:52:04LoginTest.pytearDown[line:21]INFO:======This is tearDown function======
2019-09-28 15:52:04LoginTest.pysetUp[line:17]INFO:======This is setUp function======
2019-09-28 15:52:04LoginTest.pytearDown[line:21]INFO:======This is tearDown function======
2019-09-28 16:00:03LoginTest.pysetUp[line:17]INFO:======This is setUp function======
2019-09-28 16:00:03LoginTest.pytearDown[line:21]INFO:======This is tearDown function======
2019-09-28 16:00:03LoginTest.pysetUp[line:17]INFO:======This is setUp function======
2019-09-28 16:00:03LoginTest.pytearDown[line:21]INFO:======This is tearDown function======
2019-09-28 16:03:41LoginTest.pysetUp[line:17]INFO:======This is setUp function======
2019-09-28 16:03:41LoginTest.pytearDown[line:21]INFO:======This is tearDown function======
2019-09-28 16:03:41LoginTest.pysetUp[line:17]INFO:======This is setUp function======
2019-09-28 16:03:41LoginTest.pytearDown[line:21]INFO:======This is tearDown function======
2019-09-28 16:06:44LoginTest.pysetUp[line:17]INFO:======This is setUp function======
2019-09-28 16:06:44LoginTest.pytearDown[line:21]INFO:======This is tearDown function======
2019-09-28 16:06:44LoginTest.pysetUp[line:17]INFO:======This is setUp function======
2019-09-28 16:06:44LoginTest.pytearDown[line:21]INFO:======This is tearDown function======
2019-09-28 16:08:24LoginTest.pysetUp[line:17]INFO:======This is setUp function======
2019-09-28 16:08:24LoginTest.pytearDown[line:21]INFO:======This is tearDown function======
2019-09-28 16:08:24LoginTest.pysetUp[line:17]INFO:======This is setUp function======
2019-09-28 16:08:24LoginTest.pytearDown[line:21]INFO:======This is tearDown function======
2019-09-28 16:08:52LoginTest.pysetUp[line:17]INFO:======This is setUp function======
2019-09-28 16:08:52LoginTest.pytearDown[line:21]INFO:======This is tearDown function======
2019-09-28 16:08:52LoginTest.pysetUp[line:17]INFO:======This is setUp function======
2019-09-28 16:08:52LoginTest.pytearDown[line:21]INFO:======This is tearDown function======
2019-09-28 16:11:13LoginTest.pysetUp[line:17]INFO:======This is setUp function======
2019-09-28 16:11:13LoginTest.pytearDown[line:21]INFO:======This is tearDown function======
2019-09-28 16:11:13LoginTest.pysetUp[line:17]INFO:======This is setUp function======
2019-09-28 16:11:13LoginTest.pytearDown[line:21]INFO:======This is tearDown function======
2019-09-28 16:12:33LoginTest.pysetUp[line:17]INFO:======This is setUp function======
2019-09-28 16:12:33LoginTest.pytearDown[line:21]INFO:======This is tearDown function======
2019-09-28 16:12:33LoginTest.pysetUp[line:17]INFO:======This is setUp function======
2019-09-28 16:12:33LoginTest.pytearDown[line:21]INFO:======This is tearDown function======
2019-09-28 16:17:09LoginTest.pysetUp[line:17]INFO:======This is setUp function======
2019-09-28 16:17:09excel_case_data.pyget_case_data[line:65]INFO:{
"tel":15703034351
}
2019-09-28 16:17:09excel_case_data.pyget_expect_data[line:109]DEBUG:=============Expect============__GetZoneResult_ = {
    mts:'1570303',
    province:'重庆',
    catName:'中国移动',
    telString:'15703034351',
 areaVid:'29404',
 ispVid:'3236139',
 carrier:'重庆移动'
2019-09-28 16:17:09connectionpool.py_new_conn[line:815]DEBUG:Starting new HTTPS connection (1): tcc.taobao.com:443
2019-09-28 16:17:09connectionpool.py_make_request[line:396]DEBUG:https://tcc.taobao.com:443 "GET /cc/json/mobile_tel_segment.htm%0A%0A HTTP/1.1" 404 178
2019-09-28 16:17:09excel_case_data.pyget_actual_data[line:125]DEBUG:===========实际返回的数据为：b'<!DOCTYPE html>\n<html>\n<head>\n    <meta http-equiv="Content-Type" content="text/html; charset=GB18030"/>\n    <title>Error!</title>\n</head>\n<body>\n<h2>Error!</h2>\n</body>\n</html>\n'============
2019-09-28 16:17:09LoginTest.pytearDown[line:21]INFO:======This is tearDown function======
2019-09-28 16:17:09LoginTest.pysetUp[line:17]INFO:======This is setUp function======
2019-09-28 16:17:09LoginTest.pytearDown[line:21]INFO:======This is tearDown function======
2019-09-28 16:24:56LoginTest.pysetUp[line:17]INFO:======This is setUp function======
2019-09-28 16:24:56excel_case_data.pyget_case_data[line:66]INFO:{
"tel":15703034351
}
2019-09-28 16:24:56excel_case_data.pyget_expect_data[line:110]DEBUG:=============Expect============__GetZoneResult_ = {
    mts:'1570303',
    province:'重庆',
    catName:'中国移动',
    telString:'15703034351',
 areaVid:'29404',
 ispVid:'3236139',
 carrier:'重庆移动'
2019-09-28 16:24:56connectionpool.py_new_conn[line:815]DEBUG:Starting new HTTPS connection (1): tcc.taobao.com:443
2019-09-28 16:24:57connectionpool.py_make_request[line:396]DEBUG:https://tcc.taobao.com:443 "GET /cc/json/mobile_tel_segment.htm%0A%0A HTTP/1.1" 404 178
2019-09-28 16:24:57excel_case_data.pyget_actual_data[line:126]DEBUG:===========实际返回的数据为：b'<!DOCTYPE html>\n<html>\n<head>\n    <meta http-equiv="Content-Type" content="text/html; charset=GB18030"/>\n    <title>Error!</title>\n</head>\n<body>\n<h2>Error!</h2>\n</body>\n</html>\n'============
2019-09-28 16:24:57LoginTest.pytearDown[line:21]INFO:======This is tearDown function======
2019-09-28 16:24:57LoginTest.pysetUp[line:17]INFO:======This is setUp function======
2019-09-28 16:24:57LoginTest.pytearDown[line:21]INFO:======This is tearDown function======
2019-09-28 23:40:30LoginTest.pysetUp[line:15]INFO:======This is setUp function======
2019-09-28 23:40:30excel_case_data.pyget_case_data[line:61]INFO:{
"tel":15703034351
}
2019-09-28 23:40:30excel_case_data.pyget_expect_data[line:102]DEBUG:=============Expect============__GetZoneResult_ = {
    mts:'1570303',
    province:'重庆',
    catName:'中国移动',
    telString:'15703034351',
 areaVid:'29404',
 ispVid:'3236139',
 carrier:'重庆移动'
2019-09-28 23:40:30connectionpool.py_new_conn[line:815]DEBUG:Starting new HTTPS connection (1): tcc.taobao.com:443
2019-09-28 23:40:30connectionpool.py_make_request[line:396]DEBUG:https://tcc.taobao.com:443 "GET /cc/json/mobile_tel_segment.htm%0A%0A HTTP/1.1" 404 178
2019-09-28 23:40:30excel_case_data.pyget_actual_data[line:119]DEBUG:===========实际返回的数据为：b'<!DOCTYPE html>\n<html>\n<head>\n    <meta http-equiv="Content-Type" content="text/html; charset=GB18030"/>\n    <title>Error!</title>\n</head>\n<body>\n<h2>Error!</h2>\n</body>\n</html>\n'============
2019-09-28 23:40:30LoginTest.pytearDown[line:19]INFO:======This is tearDown function======
2019-09-28 23:40:30LoginTest.pysetUp[line:15]INFO:======This is setUp function======
2019-09-28 23:40:30LoginTest.pytearDown[line:19]INFO:======This is tearDown function======
2019-09-28 23:58:47LoginTest.pysetUp[line:15]INFO:======This is setUp function======
2019-09-28 23:58:47excel_case_data.pyget_case_data[line:61]INFO:{
"tel":15703034351
}
2019-09-28 23:58:47excel_case_data.pyget_expect_data[line:102]DEBUG:=============Expect============__GetZoneResult_ = {
    mts:'1570303',
    province:'重庆',
    catName:'中国移动',
    telString:'15703034351',
 areaVid:'29404',
 ispVid:'3236139',
 carrier:'重庆移动'
2019-09-28 23:58:47connectionpool.py_new_conn[line:815]DEBUG:Starting new HTTPS connection (1): tcc.taobao.com:443
2019-09-28 23:58:47connectionpool.py_make_request[line:396]DEBUG:https://tcc.taobao.com:443 "GET /cc/json/mobile_tel_segment.htm%0A%0A HTTP/1.1" 404 178
2019-09-28 23:58:47excel_case_data.pyget_actual_data[line:119]DEBUG:===========实际返回的数据为：b'<!DOCTYPE html>\n<html>\n<head>\n    <meta http-equiv="Content-Type" content="text/html; charset=GB18030"/>\n    <title>Error!</title>\n</head>\n<body>\n<h2>Error!</h2>\n</body>\n</html>\n'============
2019-09-28 23:58:47LoginTest.pytearDown[line:19]INFO:======This is tearDown function======
2019-09-28 23:58:47LoginTest.pysetUp[line:15]INFO:======This is setUp function======
2019-09-28 23:58:47LoginTest.pytearDown[line:19]INFO:======This is tearDown function======
