2019-12-09 10:57:18LoginTest.pysetUp[line:16]INFO:======This is setUp function======
2019-12-09 10:57:18excel_case_data.pyget_case_data[line:52]INFO:{'loginName': '15703034351'}
2019-12-09 10:57:18connectionpool.py_new_conn[line:208]DEBUG:Starting new HTTP connection (1): shuitupaycallbackpre.callme.work
2019-12-09 10:57:18connectionpool.py_make_request[line:396]DEBUG:http://shuitupaycallbackpre.callme.work:80 "POST /api/membership/isMemberExist HTTP/1.1" 200 None
2019-12-09 10:57:18excel_case_data.pyget_actual_data[line:135]DEBUG:===========实际返回的数据为：<Response [200]>============
2019-12-09 10:57:18LoginTest.pytearDown[line:20]INFO:======This is tearDown function======
2019-12-09 10:57:18LoginTest.pysetUp[line:16]INFO:======This is setUp function======
2019-12-09 10:57:18excel_case_data.pyget_case_data[line:52]INFO:{'clientId': 'b7d0d62ea801c0056e41dc4c3dc9e706', 'loginType': 1, 'password': 'WgeliiPxirTeoOSMy2grSve5SYfMPzORlSLbSb6DM2BTiPFYEsF2dwCFnyO/zK3POWk2S1Q/NlH8ElIHWhmqFUTKWDjqPcgFWQmCyk8WBHOrVYJ/H+z4k9sP1RkKBGhLzRF5tca7SHGj9IG2f13my/x9m0iQAUbb2ebDxR4yOB0=', 'imei': '4A0E5A73-665E-495B-9E93-6BA72FFC7154', 'currLongitude': '106.491235', 'source': 1000012, 'currLatitude': '29.621850', 'mac': '02:00:00:00:00:00', 'loginName': '15703034351'}
2019-12-09 10:57:18connectionpool.py_new_conn[line:208]DEBUG:Starting new HTTP connection (1): shuitupaycallbackpre.callme.work
2019-12-09 10:57:33connectionpool.py_make_request[line:396]DEBUG:http://shuitupaycallbackpre.callme.work:80 "POST /api/membership/login HTTP/1.1" 200 None
2019-12-09 10:57:33excel_case_data.pyget_actual_data[line:135]DEBUG:===========实际返回的数据为：<Response [200]>============
2019-12-09 10:57:33LoginTest.pytearDown[line:20]INFO:======This is tearDown function======
2019-12-09 10:57:33LoginTest.pysetUp[line:16]INFO:======This is setUp function======
2019-12-09 10:57:33excel_case_data.pyget_case_data[line:52]INFO:
2019-12-09 10:57:33LoginTest.pytearDown[line:20]INFO:======This is tearDown function======
2019-12-09 10:57:33LoginTest.pysetUp[line:16]INFO:======This is setUp function======
2019-12-09 10:57:33excel_case_data.pyget_case_data[line:52]INFO:{'type': 3, 'version': '3.6.0'}
2019-12-09 10:57:33connectionpool.py_new_conn[line:208]DEBUG:Starting new HTTP connection (1): shuitupaycallbackpre.callme.work
2019-12-09 10:57:33connectionpool.py_make_request[line:396]DEBUG:http://shuitupaycallbackpre.callme.work:80 "GET /api/pk/version/checkAppVersion?type=3&version=3.6.0&token=s3f03442bd5d78f81 HTTP/1.1" 200 None
2019-12-09 10:57:33excel_case_data.pyget_actual_data[line:135]DEBUG:===========实际返回的数据为：<Response [200]>============
2019-12-09 10:57:33LoginTest.pytearDown[line:20]INFO:======This is tearDown function======
2019-12-09 10:57:33LoginTest.pysetUp[line:16]INFO:======This is setUp function======
2019-12-09 10:57:33excel_case_data.pyget_case_data[line:52]INFO:{'tel': 15703034351}
2019-12-09 10:57:33connectionpool.py_new_conn[line:208]DEBUG:Starting new HTTP connection (1): shuitupaycallbackpre.callme.work
2019-12-09 10:57:34connectionpool.py_make_request[line:396]DEBUG:http://shuitupaycallbackpre.callme.work:80 "GET /api/membership/getNotFinishedOrder?tel=15703034351&token=s3f03442bd5d78f81 HTTP/1.1" 200 None
2019-12-09 10:57:34excel_case_data.pyget_actual_data[line:135]DEBUG:===========实际返回的数据为：<Response [200]>============
2019-12-09 10:57:34LoginTest.pytearDown[line:20]INFO:======This is tearDown function======
2019-12-09 10:57:34LoginTest.pysetUp[line:16]INFO:======This is setUp function======
2019-12-09 10:57:34excel_case_data.pyget_case_data[line:52]INFO:{'prov': '重庆市-重庆市-渝北区'}
2019-12-09 10:57:34connectionpool.py_new_conn[line:208]DEBUG:Starting new HTTP connection (1): shuitupaycallbackpre.callme.work
2019-12-09 10:57:34connectionpool.py_make_request[line:396]DEBUG:http://shuitupaycallbackpre.callme.work:80 "GET /api/membership/depart/requirement?prov=%E9%87%8D%E5%BA%86%E5%B8%82-%E9%87%8D%E5%BA%86%E5%B8%82-%E6%B8%9D%E5%8C%97%E5%8C%BA&token=s3f03442bd5d78f81 HTTP/1.1" 200 None
2019-12-09 10:57:34excel_case_data.pyget_actual_data[line:135]DEBUG:===========实际返回的数据为：<Response [200]>============
2019-12-09 10:57:34LoginTest.pytearDown[line:20]INFO:======This is tearDown function======
2019-12-09 10:57:34LoginTest.pysetUp[line:16]INFO:======This is setUp function======
2019-12-09 10:57:34excel_case_data.pyget_case_data[line:52]INFO:{'imei': '4A0E5A73-665E-495B-9E93-6BA72FFC7154', 'lat': '29.62184082031251', 'lng': '106.4912483723958', 'type': 102}
2019-12-09 10:57:34connectionpool.py_new_conn[line:208]DEBUG:Starting new HTTP connection (1): shuitupaycallbackpre.callme.work
2019-12-09 10:57:34connectionpool.py_make_request[line:396]DEBUG:http://shuitupaycallbackpre.callme.work:80 "GET /api/pk/ad/find?imei=4A0E5A73-665E-495B-9E93-6BA72FFC7154&lat=29.62184082031251&lng=106.4912483723958&type=102&token=s3f03442bd5d78f81 HTTP/1.1" 200 None
2019-12-09 10:57:34excel_case_data.pyget_actual_data[line:135]DEBUG:===========实际返回的数据为：<Response [200]>============
2019-12-09 10:57:34LoginTest.pytearDown[line:20]INFO:======This is tearDown function======
2019-12-09 10:57:34LoginTest.pysetUp[line:16]INFO:======This is setUp function======
2019-12-09 10:57:34excel_case_data.pyget_case_data[line:52]INFO:{'businessType': 11, 'searchType': 0, 'source': 0}
2019-12-09 10:57:34connectionpool.py_new_conn[line:208]DEBUG:Starting new HTTP connection (1): shuitupaycallbackpre.callme.work
2019-12-09 10:57:34connectionpool.py_make_request[line:396]DEBUG:http://shuitupaycallbackpre.callme.work:80 "GET /api/trip/bizCity/find?businessType=11&searchType=0&source=0&token=s3f03442bd5d78f81 HTTP/1.1" 200 None
2019-12-09 10:57:34excel_case_data.pyget_actual_data[line:135]DEBUG:===========实际返回的数据为：<Response [200]>============
2019-12-09 10:57:34LoginTest.pytearDown[line:20]INFO:======This is tearDown function======
2019-12-09 10:57:34LoginTest.pysetUp[line:16]INFO:======This is setUp function======
2019-12-09 10:57:34excel_case_data.pyget_case_data[line:52]INFO:{"Content-Disposition: form-data; name='eLatitude'": '29.557204', "Content-Disposition: form-data; name='eLongitude'": '106.577034', "Content-Disposition: form-data; name='latitude'": '29.62184082031251', "Content-Disposition: form-data; name='longitude'": '106.4912483723958'}
2019-12-09 10:57:34connectionpool.py_new_conn[line:208]DEBUG:Starting new HTTP connection (1): shuitupaycallbackpre.callme.work
2019-12-09 10:57:34connectionpool.py_make_request[line:396]DEBUG:http://shuitupaycallbackpre.callme.work:80 "POST /isEnableService HTTP/1.1" 200 None
2019-12-09 10:57:34excel_case_data.pyget_actual_data[line:135]DEBUG:===========实际返回的数据为：<Response [200]>============
2019-12-09 10:57:34LoginTest.pytearDown[line:20]INFO:======This is tearDown function======
2019-12-09 10:57:34LoginTest.pysetUp[line:16]INFO:======This is setUp function======
2019-12-09 10:57:34excel_case_data.pyget_case_data[line:52]INFO:{'eLatitude': '29.557204', 'eLongitude': '106.577034', 'endArea': '重庆市-重庆市-渝中区', 'sLatitude': '29.62190200000001', 'sLongitude': '106.4912350000001', 'startArea': '重庆市-重庆市-渝北区', 'version': '2.0'}
2019-12-09 10:57:34connectionpool.py_new_conn[line:208]DEBUG:Starting new HTTP connection (1): shuitupaycallbackpre.callme.work
2019-12-09 10:57:35connectionpool.py_make_request[line:396]DEBUG:http://shuitupaycallbackpre.callme.work:80 "GET /api/trip/findRecommendLine?eLatitude=29.557204&eLongitude=106.577034&endArea=%E9%87%8D%E5%BA%86%E5%B8%82-%E9%87%8D%E5%BA%86%E5%B8%82-%E6%B8%9D%E4%B8%AD%E5%8C%BA&sLatitude=29.62190200000001&sLongitude=106.4912350000001&startArea=%E9%87%8D%E5%BA%86%E5%B8%82-%E9%87%8D%E5%BA%86%E5%B8%82-%E6%B8%9D%E5%8C%97%E5%8C%BA&version=2.0&token=s3f03442bd5d78f81 HTTP/1.1" 200 None
2019-12-09 10:57:35excel_case_data.pyget_actual_data[line:135]DEBUG:===========实际返回的数据为：<Response [200]>============
2019-12-09 10:57:35LoginTest.pytearDown[line:20]INFO:======This is tearDown function======
2019-12-09 10:57:35LoginTest.pysetUp[line:16]INFO:======This is setUp function======
2019-12-09 10:57:35excel_case_data.pyget_case_data[line:52]INFO:{'lineId': 1100}
2019-12-09 10:57:35connectionpool.py_new_conn[line:208]DEBUG:Starting new HTTP connection (1): shuitupaycallbackpre.callme.work
2019-12-09 10:57:35connectionpool.py_make_request[line:396]DEBUG:http://shuitupaycallbackpre.callme.work:80 "GET /api/trip/listLineSameTime?lineId=1100&token=s3f03442bd5d78f81 HTTP/1.1" 200 None
2019-12-09 10:57:35excel_case_data.pyget_actual_data[line:135]DEBUG:===========实际返回的数据为：<Response [200]>============
2019-12-09 10:57:35LoginTest.pytearDown[line:20]INFO:======This is tearDown function======
2019-12-09 10:57:35LoginTest.pysetUp[line:16]INFO:======This is setUp function======
2019-12-09 10:57:35excel_case_data.pyget_case_data[line:52]INFO:{'appointDate': '2019-12-06 15:41:59', 'type': 2, 'carType': 3, 'sLatitude': '29.621902', 'calcTime': 0, 'orderPerson': 1, 'distance': 0, 'appoint': True, 'orderArea': '重庆市-重庆市-渝北区', 'sLongitude': '106.491235', 'lineId': '1100'}
2019-12-09 10:57:35connectionpool.py_new_conn[line:208]DEBUG:Starting new HTTP connection (1): shuitupaycallbackpre.callme.work
2019-12-09 10:57:35connectionpool.py_make_request[line:396]DEBUG:http://shuitupaycallbackpre.callme.work:80 "POST /api/trip/calcEstimatePrice HTTP/1.1" 200 None
2019-12-09 10:57:35excel_case_data.pyget_actual_data[line:135]DEBUG:===========实际返回的数据为：<Response [200]>============
2019-12-09 10:57:35LoginTest.pytearDown[line:20]INFO:======This is tearDown function======
2019-12-09 11:03:42LoginTest.pysetUp[line:16]INFO:======This is setUp function======
2019-12-09 11:03:42excel_case_data.pyget_case_data[line:52]INFO:{'loginName': '15703034351'}
2019-12-09 11:03:42connectionpool.py_new_conn[line:208]DEBUG:Starting new HTTP connection (1): shuitupaycallbackpre.callme.work
2019-12-09 11:03:42connectionpool.py_make_request[line:396]DEBUG:http://shuitupaycallbackpre.callme.work:80 "POST /api/membership/isMemberExist HTTP/1.1" 200 None
2019-12-09 11:03:42excel_case_data.pyget_actual_data[line:135]DEBUG:===========实际返回的数据为：<Response [200]>============
2019-12-09 11:03:42LoginTest.pytearDown[line:20]INFO:======This is tearDown function======
2019-12-09 11:03:42LoginTest.pysetUp[line:16]INFO:======This is setUp function======
2019-12-09 11:03:42excel_case_data.pyget_case_data[line:52]INFO:{'clientId': 'b7d0d62ea801c0056e41dc4c3dc9e706', 'loginType': 1, 'password': 'WgeliiPxirTeoOSMy2grSve5SYfMPzORlSLbSb6DM2BTiPFYEsF2dwCFnyO/zK3POWk2S1Q/NlH8ElIHWhmqFUTKWDjqPcgFWQmCyk8WBHOrVYJ/H+z4k9sP1RkKBGhLzRF5tca7SHGj9IG2f13my/x9m0iQAUbb2ebDxR4yOB0=', 'imei': '4A0E5A73-665E-495B-9E93-6BA72FFC7154', 'currLongitude': '106.491235', 'source': 1000012, 'currLatitude': '29.621850', 'mac': '02:00:00:00:00:00', 'loginName': '15703034351'}
2019-12-09 11:03:42connectionpool.py_new_conn[line:208]DEBUG:Starting new HTTP connection (1): shuitupaycallbackpre.callme.work
2019-12-09 11:03:43connectionpool.py_make_request[line:396]DEBUG:http://shuitupaycallbackpre.callme.work:80 "POST /api/membership/login HTTP/1.1" 200 None
2019-12-09 11:03:43excel_case_data.pyget_actual_data[line:135]DEBUG:===========实际返回的数据为：<Response [200]>============
2019-12-09 11:03:43LoginTest.pytearDown[line:20]INFO:======This is tearDown function======
2019-12-09 11:03:43LoginTest.pysetUp[line:16]INFO:======This is setUp function======
2019-12-09 11:04:26excel_case_data.pyget_case_data[line:52]INFO:
2019-12-09 11:05:44LoginTest.pysetUp[line:16]INFO:======This is setUp function======
2019-12-09 11:05:44excel_case_data.pyget_case_data[line:52]INFO:{'loginName': '15703034351'}
2019-12-09 11:05:44connectionpool.py_new_conn[line:208]DEBUG:Starting new HTTP connection (1): shuitupaycallbackpre.callme.work
2019-12-09 11:05:44connectionpool.py_make_request[line:396]DEBUG:http://shuitupaycallbackpre.callme.work:80 "POST /api/membership/isMemberExist HTTP/1.1" 200 None
2019-12-09 11:05:44excel_case_data.pyget_actual_data[line:135]DEBUG:===========实际返回的数据为：<Response [200]>============
2019-12-09 11:05:44LoginTest.pytearDown[line:20]INFO:======This is tearDown function======
2019-12-09 11:05:44LoginTest.pysetUp[line:16]INFO:======This is setUp function======
2019-12-09 11:05:45excel_case_data.pyget_case_data[line:52]INFO:{'clientId': 'b7d0d62ea801c0056e41dc4c3dc9e706', 'loginType': 1, 'password': 'WgeliiPxirTeoOSMy2grSve5SYfMPzORlSLbSb6DM2BTiPFYEsF2dwCFnyO/zK3POWk2S1Q/NlH8ElIHWhmqFUTKWDjqPcgFWQmCyk8WBHOrVYJ/H+z4k9sP1RkKBGhLzRF5tca7SHGj9IG2f13my/x9m0iQAUbb2ebDxR4yOB0=', 'imei': '4A0E5A73-665E-495B-9E93-6BA72FFC7154', 'currLongitude': '106.491235', 'source': 1000012, 'currLatitude': '29.621850', 'mac': '02:00:00:00:00:00', 'loginName': '15703034351'}
2019-12-09 11:05:45connectionpool.py_new_conn[line:208]DEBUG:Starting new HTTP connection (1): shuitupaycallbackpre.callme.work
2019-12-09 11:05:45connectionpool.py_make_request[line:396]DEBUG:http://shuitupaycallbackpre.callme.work:80 "POST /api/membership/login HTTP/1.1" 200 None
2019-12-09 11:05:45excel_case_data.pyget_actual_data[line:135]DEBUG:===========实际返回的数据为：<Response [200]>============
2019-12-09 11:05:45LoginTest.pytearDown[line:20]INFO:======This is tearDown function======
2019-12-09 11:05:45LoginTest.pysetUp[line:16]INFO:======This is setUp function======
2019-12-09 11:05:45excel_case_data.pyget_case_data[line:52]INFO:
2019-12-09 11:05:45LoginTest.pytearDown[line:20]INFO:======This is tearDown function======
2019-12-09 11:05:45LoginTest.pysetUp[line:16]INFO:======This is setUp function======
2019-12-09 11:05:45excel_case_data.pyget_case_data[line:52]INFO:{'type': 3, 'version': '3.6.0'}
2019-12-09 11:05:45connectionpool.py_new_conn[line:208]DEBUG:Starting new HTTP connection (1): shuitupaycallbackpre.callme.work
2019-12-09 11:05:45connectionpool.py_make_request[line:396]DEBUG:http://shuitupaycallbackpre.callme.work:80 "GET /api/pk/version/checkAppVersion?type=3&version=3.6.0&token=s604fea59cb7689e2 HTTP/1.1" 200 None
2019-12-09 11:05:45excel_case_data.pyget_actual_data[line:135]DEBUG:===========实际返回的数据为：<Response [200]>============
2019-12-09 11:05:45LoginTest.pytearDown[line:20]INFO:======This is tearDown function======
2019-12-09 11:05:45LoginTest.pysetUp[line:16]INFO:======This is setUp function======
2019-12-09 11:05:45excel_case_data.pyget_case_data[line:52]INFO:{'tel': 15703034351}
2019-12-09 11:05:45connectionpool.py_new_conn[line:208]DEBUG:Starting new HTTP connection (1): shuitupaycallbackpre.callme.work
2019-12-09 11:05:45connectionpool.py_make_request[line:396]DEBUG:http://shuitupaycallbackpre.callme.work:80 "GET /api/membership/getNotFinishedOrder?tel=15703034351&token=s604fea59cb7689e2 HTTP/1.1" 200 None
2019-12-09 11:05:45excel_case_data.pyget_actual_data[line:135]DEBUG:===========实际返回的数据为：<Response [200]>============
2019-12-09 11:05:45LoginTest.pytearDown[line:20]INFO:======This is tearDown function======
2019-12-09 11:05:45LoginTest.pysetUp[line:16]INFO:======This is setUp function======
2019-12-09 11:05:45excel_case_data.pyget_case_data[line:52]INFO:{'prov': '重庆市-重庆市-渝北区'}
2019-12-09 11:05:45connectionpool.py_new_conn[line:208]DEBUG:Starting new HTTP connection (1): shuitupaycallbackpre.callme.work
2019-12-09 11:05:45connectionpool.py_make_request[line:396]DEBUG:http://shuitupaycallbackpre.callme.work:80 "GET /api/membership/depart/requirement?prov=%E9%87%8D%E5%BA%86%E5%B8%82-%E9%87%8D%E5%BA%86%E5%B8%82-%E6%B8%9D%E5%8C%97%E5%8C%BA&token=s604fea59cb7689e2 HTTP/1.1" 200 None
2019-12-09 11:05:45excel_case_data.pyget_actual_data[line:135]DEBUG:===========实际返回的数据为：<Response [200]>============
2019-12-09 11:05:45LoginTest.pytearDown[line:20]INFO:======This is tearDown function======
2019-12-09 11:05:45LoginTest.pysetUp[line:16]INFO:======This is setUp function======
2019-12-09 11:05:45excel_case_data.pyget_case_data[line:52]INFO:{'imei': '4A0E5A73-665E-495B-9E93-6BA72FFC7154', 'lat': '29.62184082031251', 'lng': '106.4912483723958', 'type': 102}
2019-12-09 11:05:45connectionpool.py_new_conn[line:208]DEBUG:Starting new HTTP connection (1): shuitupaycallbackpre.callme.work
2019-12-09 11:05:45connectionpool.py_make_request[line:396]DEBUG:http://shuitupaycallbackpre.callme.work:80 "GET /api/pk/ad/find?imei=4A0E5A73-665E-495B-9E93-6BA72FFC7154&lat=29.62184082031251&lng=106.4912483723958&type=102&token=s604fea59cb7689e2 HTTP/1.1" 200 None
2019-12-09 11:05:45excel_case_data.pyget_actual_data[line:135]DEBUG:===========实际返回的数据为：<Response [200]>============
2019-12-09 11:05:45LoginTest.pytearDown[line:20]INFO:======This is tearDown function======
2019-12-09 11:05:45LoginTest.pysetUp[line:16]INFO:======This is setUp function======
2019-12-09 11:05:45excel_case_data.pyget_case_data[line:52]INFO:{'businessType': 11, 'searchType': 0, 'source': 0}
2019-12-09 11:05:45connectionpool.py_new_conn[line:208]DEBUG:Starting new HTTP connection (1): shuitupaycallbackpre.callme.work
2019-12-09 11:05:46connectionpool.py_make_request[line:396]DEBUG:http://shuitupaycallbackpre.callme.work:80 "GET /api/trip/bizCity/find?businessType=11&searchType=0&source=0&token=s604fea59cb7689e2 HTTP/1.1" 200 None
2019-12-09 11:05:46excel_case_data.pyget_actual_data[line:135]DEBUG:===========实际返回的数据为：<Response [200]>============
2019-12-09 11:05:46LoginTest.pytearDown[line:20]INFO:======This is tearDown function======
2019-12-09 11:05:46LoginTest.pysetUp[line:16]INFO:======This is setUp function======
2019-12-09 11:05:46excel_case_data.pyget_case_data[line:52]INFO:{"Content-Disposition: form-data; name='eLatitude'": '29.557204', "Content-Disposition: form-data; name='eLongitude'": '106.577034', "Content-Disposition: form-data; name='latitude'": '29.62184082031251', "Content-Disposition: form-data; name='longitude'": '106.4912483723958'}
2019-12-09 11:05:46connectionpool.py_new_conn[line:208]DEBUG:Starting new HTTP connection (1): shuitupaycallbackpre.callme.work
2019-12-09 11:05:46connectionpool.py_make_request[line:396]DEBUG:http://shuitupaycallbackpre.callme.work:80 "POST /isEnableService HTTP/1.1" 200 None
2019-12-09 11:05:46excel_case_data.pyget_actual_data[line:135]DEBUG:===========实际返回的数据为：<Response [200]>============
2019-12-09 11:05:46LoginTest.pytearDown[line:20]INFO:======This is tearDown function======
2019-12-09 11:05:46LoginTest.pysetUp[line:16]INFO:======This is setUp function======
2019-12-09 11:05:46excel_case_data.pyget_case_data[line:52]INFO:{'eLatitude': '29.557204', 'eLongitude': '106.577034', 'endArea': '重庆市-重庆市-渝中区', 'sLatitude': '29.62190200000001', 'sLongitude': '106.4912350000001', 'startArea': '重庆市-重庆市-渝北区', 'version': '2.0'}
2019-12-09 11:05:46connectionpool.py_new_conn[line:208]DEBUG:Starting new HTTP connection (1): shuitupaycallbackpre.callme.work
2019-12-09 11:05:46connectionpool.py_make_request[line:396]DEBUG:http://shuitupaycallbackpre.callme.work:80 "GET /api/trip/findRecommendLine?eLatitude=29.557204&eLongitude=106.577034&endArea=%E9%87%8D%E5%BA%86%E5%B8%82-%E9%87%8D%E5%BA%86%E5%B8%82-%E6%B8%9D%E4%B8%AD%E5%8C%BA&sLatitude=29.62190200000001&sLongitude=106.4912350000001&startArea=%E9%87%8D%E5%BA%86%E5%B8%82-%E9%87%8D%E5%BA%86%E5%B8%82-%E6%B8%9D%E5%8C%97%E5%8C%BA&version=2.0&token=s604fea59cb7689e2 HTTP/1.1" 200 None
2019-12-09 11:05:46excel_case_data.pyget_actual_data[line:135]DEBUG:===========实际返回的数据为：<Response [200]>============
2019-12-09 11:05:46LoginTest.pytearDown[line:20]INFO:======This is tearDown function======
2019-12-09 11:05:46LoginTest.pysetUp[line:16]INFO:======This is setUp function======
2019-12-09 11:05:46excel_case_data.pyget_case_data[line:52]INFO:{'lineId': 1100}
2019-12-09 11:05:46connectionpool.py_new_conn[line:208]DEBUG:Starting new HTTP connection (1): shuitupaycallbackpre.callme.work
2019-12-09 11:05:46connectionpool.py_make_request[line:396]DEBUG:http://shuitupaycallbackpre.callme.work:80 "GET /api/trip/listLineSameTime?lineId=1100&token=s604fea59cb7689e2 HTTP/1.1" 200 None
2019-12-09 11:05:46excel_case_data.pyget_actual_data[line:135]DEBUG:===========实际返回的数据为：<Response [200]>============
2019-12-09 11:05:46LoginTest.pytearDown[line:20]INFO:======This is tearDown function======
2019-12-09 11:05:46LoginTest.pysetUp[line:16]INFO:======This is setUp function======
2019-12-09 11:05:46excel_case_data.pyget_case_data[line:52]INFO:{'appointDate': '2019-12-06 15:41:59', 'type': 2, 'carType': 3, 'sLatitude': '29.621902', 'calcTime': 0, 'orderPerson': 1, 'distance': 0, 'appoint': True, 'orderArea': '重庆市-重庆市-渝北区', 'sLongitude': '106.491235', 'lineId': '1100'}
2019-12-09 11:05:46connectionpool.py_new_conn[line:208]DEBUG:Starting new HTTP connection (1): shuitupaycallbackpre.callme.work
2019-12-09 11:05:46connectionpool.py_make_request[line:396]DEBUG:http://shuitupaycallbackpre.callme.work:80 "POST /api/trip/calcEstimatePrice HTTP/1.1" 200 None
2019-12-09 11:05:46excel_case_data.pyget_actual_data[line:135]DEBUG:===========实际返回的数据为：<Response [200]>============
2019-12-09 11:05:46LoginTest.pytearDown[line:20]INFO:======This is tearDown function======
2019-12-09 11:06:17LoginTest.pysetUp[line:16]INFO:======This is setUp function======
2019-12-09 11:06:17excel_case_data.pyget_case_data[line:52]INFO:{'loginName': '15703034351'}
2019-12-09 11:06:17connectionpool.py_new_conn[line:208]DEBUG:Starting new HTTP connection (1): shuitupaycallbackpre.callme.work
2019-12-09 11:06:17connectionpool.py_make_request[line:396]DEBUG:http://shuitupaycallbackpre.callme.work:80 "POST /api/membership/isMemberExist HTTP/1.1" 200 None
2019-12-09 11:06:17excel_case_data.pyget_actual_data[line:135]DEBUG:===========实际返回的数据为：<Response [200]>============
2019-12-09 11:06:17LoginTest.pytearDown[line:20]INFO:======This is tearDown function======
2019-12-09 11:06:17LoginTest.pysetUp[line:16]INFO:======This is setUp function======
2019-12-09 11:06:17excel_case_data.pyget_case_data[line:52]INFO:{'clientId': 'b7d0d62ea801c0056e41dc4c3dc9e706', 'loginType': 1, 'password': 'WgeliiPxirTeoOSMy2grSve5SYfMPzORlSLbSb6DM2BTiPFYEsF2dwCFnyO/zK3POWk2S1Q/NlH8ElIHWhmqFUTKWDjqPcgFWQmCyk8WBHOrVYJ/H+z4k9sP1RkKBGhLzRF5tca7SHGj9IG2f13my/x9m0iQAUbb2ebDxR4yOB0=', 'imei': '4A0E5A73-665E-495B-9E93-6BA72FFC7154', 'currLongitude': '106.491235', 'source': 1000012, 'currLatitude': '29.621850', 'mac': '02:00:00:00:00:00', 'loginName': '15703034351'}
2019-12-09 11:06:17connectionpool.py_new_conn[line:208]DEBUG:Starting new HTTP connection (1): shuitupaycallbackpre.callme.work
2019-12-09 11:06:17connectionpool.py_make_request[line:396]DEBUG:http://shuitupaycallbackpre.callme.work:80 "POST /api/membership/login HTTP/1.1" 200 None
2019-12-09 11:06:17excel_case_data.pyget_actual_data[line:135]DEBUG:===========实际返回的数据为：<Response [200]>============
2019-12-09 11:06:17LoginTest.pytearDown[line:20]INFO:======This is tearDown function======
2019-12-09 11:06:17LoginTest.pysetUp[line:16]INFO:======This is setUp function======
2019-12-09 11:06:43excel_case_data.pyget_case_data[line:52]INFO:
2019-12-09 11:07:18LoginTest.pysetUp[line:16]INFO:======This is setUp function======
2019-12-09 11:07:19excel_case_data.pyget_case_data[line:52]INFO:{'loginName': '15703034351'}
2019-12-09 11:07:19connectionpool.py_new_conn[line:208]DEBUG:Starting new HTTP connection (1): shuitupaycallbackpre.callme.work
2019-12-09 11:07:19connectionpool.py_make_request[line:396]DEBUG:http://shuitupaycallbackpre.callme.work:80 "POST /api/membership/isMemberExist HTTP/1.1" 200 None
2019-12-09 11:07:19excel_case_data.pyget_actual_data[line:135]DEBUG:===========实际返回的数据为：<Response [200]>============
2019-12-09 11:07:19LoginTest.pytearDown[line:20]INFO:======This is tearDown function======
2019-12-09 11:07:19LoginTest.pysetUp[line:16]INFO:======This is setUp function======
2019-12-09 11:07:19excel_case_data.pyget_case_data[line:52]INFO:{'clientId': 'b7d0d62ea801c0056e41dc4c3dc9e706', 'loginType': 1, 'password': 'WgeliiPxirTeoOSMy2grSve5SYfMPzORlSLbSb6DM2BTiPFYEsF2dwCFnyO/zK3POWk2S1Q/NlH8ElIHWhmqFUTKWDjqPcgFWQmCyk8WBHOrVYJ/H+z4k9sP1RkKBGhLzRF5tca7SHGj9IG2f13my/x9m0iQAUbb2ebDxR4yOB0=', 'imei': '4A0E5A73-665E-495B-9E93-6BA72FFC7154', 'currLongitude': '106.491235', 'source': 1000012, 'currLatitude': '29.621850', 'mac': '02:00:00:00:00:00', 'loginName': '15703034351'}
2019-12-09 11:07:19connectionpool.py_new_conn[line:208]DEBUG:Starting new HTTP connection (1): shuitupaycallbackpre.callme.work
2019-12-09 11:07:19connectionpool.py_make_request[line:396]DEBUG:http://shuitupaycallbackpre.callme.work:80 "POST /api/membership/login HTTP/1.1" 200 None
2019-12-09 11:07:19excel_case_data.pyget_actual_data[line:135]DEBUG:===========实际返回的数据为：<Response [200]>============
2019-12-09 11:07:19LoginTest.pytearDown[line:20]INFO:======This is tearDown function======
2019-12-09 11:07:19LoginTest.pysetUp[line:16]INFO:======This is setUp function======
2019-12-09 11:07:29excel_case_data.pyget_case_data[line:52]INFO:
2019-12-09 11:07:55LoginTest.pysetUp[line:16]INFO:======This is setUp function======
2019-12-09 11:07:55excel_case_data.pyget_case_data[line:52]INFO:{'loginName': '15703034351'}
2019-12-09 11:07:55connectionpool.py_new_conn[line:208]DEBUG:Starting new HTTP connection (1): shuitupaycallbackpre.callme.work
2019-12-09 11:07:55connectionpool.py_make_request[line:396]DEBUG:http://shuitupaycallbackpre.callme.work:80 "POST /api/membership/isMemberExist HTTP/1.1" 200 None
2019-12-09 11:07:55excel_case_data.pyget_actual_data[line:135]DEBUG:===========实际返回的数据为：<Response [200]>============
2019-12-09 11:07:55LoginTest.pytearDown[line:20]INFO:======This is tearDown function======
2019-12-09 11:07:55LoginTest.pysetUp[line:16]INFO:======This is setUp function======
2019-12-09 11:07:55excel_case_data.pyget_case_data[line:52]INFO:{'clientId': 'b7d0d62ea801c0056e41dc4c3dc9e706', 'loginType': 1, 'password': 'WgeliiPxirTeoOSMy2grSve5SYfMPzORlSLbSb6DM2BTiPFYEsF2dwCFnyO/zK3POWk2S1Q/NlH8ElIHWhmqFUTKWDjqPcgFWQmCyk8WBHOrVYJ/H+z4k9sP1RkKBGhLzRF5tca7SHGj9IG2f13my/x9m0iQAUbb2ebDxR4yOB0=', 'imei': '4A0E5A73-665E-495B-9E93-6BA72FFC7154', 'currLongitude': '106.491235', 'source': 1000012, 'currLatitude': '29.621850', 'mac': '02:00:00:00:00:00', 'loginName': '15703034351'}
2019-12-09 11:07:55connectionpool.py_new_conn[line:208]DEBUG:Starting new HTTP connection (1): shuitupaycallbackpre.callme.work
2019-12-09 11:07:55connectionpool.py_make_request[line:396]DEBUG:http://shuitupaycallbackpre.callme.work:80 "POST /api/membership/login HTTP/1.1" 200 None
2019-12-09 11:07:55excel_case_data.pyget_actual_data[line:135]DEBUG:===========实际返回的数据为：<Response [200]>============
2019-12-09 11:07:55LoginTest.pytearDown[line:20]INFO:======This is tearDown function======
2019-12-09 11:07:55LoginTest.pysetUp[line:16]INFO:======This is setUp function======
2019-12-09 11:07:55excel_case_data.pyget_case_data[line:52]INFO:
2019-12-09 11:07:55connectionpool.py_new_conn[line:208]DEBUG:Starting new HTTP connection (1): shuitupaycallbackpre.callme.work
2019-12-09 11:07:55connectionpool.py_make_request[line:396]DEBUG:http://shuitupaycallbackpre.callme.work:80 "GET /api/membership/getMemberInfo HTTP/1.1" 200 None
2019-12-09 11:07:55excel_case_data.pyget_actual_data[line:135]DEBUG:===========实际返回的数据为：<Response [200]>============
2019-12-09 11:07:55LoginTest.pytearDown[line:20]INFO:======This is tearDown function======
2019-12-09 11:07:55LoginTest.pysetUp[line:16]INFO:======This is setUp function======
2019-12-09 11:07:55excel_case_data.pyget_case_data[line:52]INFO:{'type': 3, 'version': '3.6.0'}
2019-12-09 11:07:55connectionpool.py_new_conn[line:208]DEBUG:Starting new HTTP connection (1): shuitupaycallbackpre.callme.work
2019-12-09 11:07:55connectionpool.py_make_request[line:396]DEBUG:http://shuitupaycallbackpre.callme.work:80 "GET /api/pk/version/checkAppVersion?type=3&version=3.6.0&token=s71192c9f3a5aeabb HTTP/1.1" 200 None
2019-12-09 11:07:55excel_case_data.pyget_actual_data[line:135]DEBUG:===========实际返回的数据为：<Response [200]>============
2019-12-09 11:07:55LoginTest.pytearDown[line:20]INFO:======This is tearDown function======
2019-12-09 11:07:55LoginTest.pysetUp[line:16]INFO:======This is setUp function======
2019-12-09 11:07:56excel_case_data.pyget_case_data[line:52]INFO:{'tel': 15703034351}
2019-12-09 11:07:56connectionpool.py_new_conn[line:208]DEBUG:Starting new HTTP connection (1): shuitupaycallbackpre.callme.work
2019-12-09 11:07:56connectionpool.py_make_request[line:396]DEBUG:http://shuitupaycallbackpre.callme.work:80 "GET /api/membership/getNotFinishedOrder?tel=15703034351&token=s71192c9f3a5aeabb HTTP/1.1" 200 None
2019-12-09 11:07:56excel_case_data.pyget_actual_data[line:135]DEBUG:===========实际返回的数据为：<Response [200]>============
2019-12-09 11:07:56LoginTest.pytearDown[line:20]INFO:======This is tearDown function======
2019-12-09 11:07:56LoginTest.pysetUp[line:16]INFO:======This is setUp function======
2019-12-09 11:07:56excel_case_data.pyget_case_data[line:52]INFO:{'prov': '重庆市-重庆市-渝北区'}
2019-12-09 11:07:56connectionpool.py_new_conn[line:208]DEBUG:Starting new HTTP connection (1): shuitupaycallbackpre.callme.work
2019-12-09 11:07:56connectionpool.py_make_request[line:396]DEBUG:http://shuitupaycallbackpre.callme.work:80 "GET /api/membership/depart/requirement?prov=%E9%87%8D%E5%BA%86%E5%B8%82-%E9%87%8D%E5%BA%86%E5%B8%82-%E6%B8%9D%E5%8C%97%E5%8C%BA&token=s71192c9f3a5aeabb HTTP/1.1" 200 None
2019-12-09 11:07:56excel_case_data.pyget_actual_data[line:135]DEBUG:===========实际返回的数据为：<Response [200]>============
2019-12-09 11:07:56LoginTest.pytearDown[line:20]INFO:======This is tearDown function======
2019-12-09 11:07:56LoginTest.pysetUp[line:16]INFO:======This is setUp function======
2019-12-09 11:07:56excel_case_data.pyget_case_data[line:52]INFO:{'imei': '4A0E5A73-665E-495B-9E93-6BA72FFC7154', 'lat': '29.62184082031251', 'lng': '106.4912483723958', 'type': 102}
2019-12-09 11:07:56connectionpool.py_new_conn[line:208]DEBUG:Starting new HTTP connection (1): shuitupaycallbackpre.callme.work
2019-12-09 11:07:56connectionpool.py_make_request[line:396]DEBUG:http://shuitupaycallbackpre.callme.work:80 "GET /api/pk/ad/find?imei=4A0E5A73-665E-495B-9E93-6BA72FFC7154&lat=29.62184082031251&lng=106.4912483723958&type=102&token=s71192c9f3a5aeabb HTTP/1.1" 200 None
2019-12-09 11:07:56excel_case_data.pyget_actual_data[line:135]DEBUG:===========实际返回的数据为：<Response [200]>============
2019-12-09 11:07:56LoginTest.pytearDown[line:20]INFO:======This is tearDown function======
2019-12-09 11:07:56LoginTest.pysetUp[line:16]INFO:======This is setUp function======
2019-12-09 11:07:56excel_case_data.pyget_case_data[line:52]INFO:{'businessType': 11, 'searchType': 0, 'source': 0}
2019-12-09 11:07:56connectionpool.py_new_conn[line:208]DEBUG:Starting new HTTP connection (1): shuitupaycallbackpre.callme.work
2019-12-09 11:07:56connectionpool.py_make_request[line:396]DEBUG:http://shuitupaycallbackpre.callme.work:80 "GET /api/trip/bizCity/find?businessType=11&searchType=0&source=0&token=s71192c9f3a5aeabb HTTP/1.1" 200 None
2019-12-09 11:07:56excel_case_data.pyget_actual_data[line:135]DEBUG:===========实际返回的数据为：<Response [200]>============
2019-12-09 11:07:56LoginTest.pytearDown[line:20]INFO:======This is tearDown function======
2019-12-09 11:07:56LoginTest.pysetUp[line:16]INFO:======This is setUp function======
2019-12-09 11:07:56excel_case_data.pyget_case_data[line:52]INFO:{"Content-Disposition: form-data; name='eLatitude'": '29.557204', "Content-Disposition: form-data; name='eLongitude'": '106.577034', "Content-Disposition: form-data; name='latitude'": '29.62184082031251', "Content-Disposition: form-data; name='longitude'": '106.4912483723958'}
2019-12-09 11:07:56connectionpool.py_new_conn[line:208]DEBUG:Starting new HTTP connection (1): shuitupaycallbackpre.callme.work
2019-12-09 11:07:56connectionpool.py_make_request[line:396]DEBUG:http://shuitupaycallbackpre.callme.work:80 "POST /isEnableService HTTP/1.1" 200 None
2019-12-09 11:07:56excel_case_data.pyget_actual_data[line:135]DEBUG:===========实际返回的数据为：<Response [200]>============
2019-12-09 11:07:56LoginTest.pytearDown[line:20]INFO:======This is tearDown function======
2019-12-09 11:07:56LoginTest.pysetUp[line:16]INFO:======This is setUp function======
2019-12-09 11:07:56excel_case_data.pyget_case_data[line:52]INFO:{'eLatitude': '29.557204', 'eLongitude': '106.577034', 'endArea': '重庆市-重庆市-渝中区', 'sLatitude': '29.62190200000001', 'sLongitude': '106.4912350000001', 'startArea': '重庆市-重庆市-渝北区', 'version': '2.0'}
2019-12-09 11:07:56connectionpool.py_new_conn[line:208]DEBUG:Starting new HTTP connection (1): shuitupaycallbackpre.callme.work
2019-12-09 11:07:57connectionpool.py_make_request[line:396]DEBUG:http://shuitupaycallbackpre.callme.work:80 "GET /api/trip/findRecommendLine?eLatitude=29.557204&eLongitude=106.577034&endArea=%E9%87%8D%E5%BA%86%E5%B8%82-%E9%87%8D%E5%BA%86%E5%B8%82-%E6%B8%9D%E4%B8%AD%E5%8C%BA&sLatitude=29.62190200000001&sLongitude=106.4912350000001&startArea=%E9%87%8D%E5%BA%86%E5%B8%82-%E9%87%8D%E5%BA%86%E5%B8%82-%E6%B8%9D%E5%8C%97%E5%8C%BA&version=2.0&token=s71192c9f3a5aeabb HTTP/1.1" 200 None
2019-12-09 11:07:57excel_case_data.pyget_actual_data[line:135]DEBUG:===========实际返回的数据为：<Response [200]>============
2019-12-09 11:07:57LoginTest.pytearDown[line:20]INFO:======This is tearDown function======
2019-12-09 11:07:57LoginTest.pysetUp[line:16]INFO:======This is setUp function======
2019-12-09 11:07:57excel_case_data.pyget_case_data[line:52]INFO:{'lineId': 1100}
2019-12-09 11:07:57connectionpool.py_new_conn[line:208]DEBUG:Starting new HTTP connection (1): shuitupaycallbackpre.callme.work
2019-12-09 11:07:57connectionpool.py_make_request[line:396]DEBUG:http://shuitupaycallbackpre.callme.work:80 "GET /api/trip/listLineSameTime?lineId=1100&token=s71192c9f3a5aeabb HTTP/1.1" 200 None
2019-12-09 11:07:57excel_case_data.pyget_actual_data[line:135]DEBUG:===========实际返回的数据为：<Response [200]>============
2019-12-09 11:07:57LoginTest.pytearDown[line:20]INFO:======This is tearDown function======
2019-12-09 11:07:57LoginTest.pysetUp[line:16]INFO:======This is setUp function======
2019-12-09 11:07:57excel_case_data.pyget_case_data[line:52]INFO:{'appointDate': '2019-12-06 15:41:59', 'type': 2, 'carType': 3, 'sLatitude': '29.621902', 'calcTime': 0, 'orderPerson': 1, 'distance': 0, 'appoint': True, 'orderArea': '重庆市-重庆市-渝北区', 'sLongitude': '106.491235', 'lineId': '1100'}
2019-12-09 11:07:57connectionpool.py_new_conn[line:208]DEBUG:Starting new HTTP connection (1): shuitupaycallbackpre.callme.work
2019-12-09 11:07:57connectionpool.py_make_request[line:396]DEBUG:http://shuitupaycallbackpre.callme.work:80 "POST /api/trip/calcEstimatePrice HTTP/1.1" 200 None
2019-12-09 11:07:57excel_case_data.pyget_actual_data[line:135]DEBUG:===========实际返回的数据为：<Response [200]>============
2019-12-09 11:07:57LoginTest.pytearDown[line:20]INFO:======This is tearDown function======
2019-12-09 11:09:15LoginTest.pysetUp[line:16]INFO:======This is setUp function======
2019-12-09 11:09:15excel_case_data.pyget_case_data[line:52]INFO:{'loginName': '15703034351'}
2019-12-09 11:09:15connectionpool.py_new_conn[line:208]DEBUG:Starting new HTTP connection (1): shuitupaycallbackpre.callme.work
2019-12-09 11:09:15connectionpool.py_make_request[line:396]DEBUG:http://shuitupaycallbackpre.callme.work:80 "POST /api/membership/isMemberExist HTTP/1.1" 200 None
2019-12-09 11:09:15excel_case_data.pyget_actual_data[line:135]DEBUG:===========实际返回的数据为：<Response [200]>============
2019-12-09 11:09:15LoginTest.pytearDown[line:20]INFO:======This is tearDown function======
2019-12-09 11:09:15LoginTest.pysetUp[line:16]INFO:======This is setUp function======
2019-12-09 11:09:15excel_case_data.pyget_case_data[line:52]INFO:{'clientId': 'b7d0d62ea801c0056e41dc4c3dc9e706', 'loginType': 1, 'password': 'WgeliiPxirTeoOSMy2grSve5SYfMPzORlSLbSb6DM2BTiPFYEsF2dwCFnyO/zK3POWk2S1Q/NlH8ElIHWhmqFUTKWDjqPcgFWQmCyk8WBHOrVYJ/H+z4k9sP1RkKBGhLzRF5tca7SHGj9IG2f13my/x9m0iQAUbb2ebDxR4yOB0=', 'imei': '4A0E5A73-665E-495B-9E93-6BA72FFC7154', 'currLongitude': '106.491235', 'source': 1000012, 'currLatitude': '29.621850', 'mac': '02:00:00:00:00:00', 'loginName': '15703034351'}
2019-12-09 11:09:15connectionpool.py_new_conn[line:208]DEBUG:Starting new HTTP connection (1): shuitupaycallbackpre.callme.work
2019-12-09 11:09:15connectionpool.py_make_request[line:396]DEBUG:http://shuitupaycallbackpre.callme.work:80 "POST /api/membership/login HTTP/1.1" 200 None
2019-12-09 11:09:15excel_case_data.pyget_actual_data[line:135]DEBUG:===========实际返回的数据为：<Response [200]>============
2019-12-09 11:09:15LoginTest.pytearDown[line:20]INFO:======This is tearDown function======
2019-12-09 11:09:15LoginTest.pysetUp[line:16]INFO:======This is setUp function======
2019-12-09 11:09:15excel_case_data.pyget_case_data[line:52]INFO:
2019-12-09 11:09:15connectionpool.py_new_conn[line:208]DEBUG:Starting new HTTP connection (1): shuitupaycallbackpre.callme.work
2019-12-09 11:09:15connectionpool.py_make_request[line:396]DEBUG:http://shuitupaycallbackpre.callme.work:80 "GET /api/membership/getMemberInfo HTTP/1.1" 200 None
2019-12-09 11:09:15excel_case_data.pyget_actual_data[line:135]DEBUG:===========实际返回的数据为：<Response [200]>============
2019-12-09 11:09:15LoginTest.pytearDown[line:20]INFO:======This is tearDown function======
2019-12-09 11:09:15LoginTest.pysetUp[line:16]INFO:======This is setUp function======
2019-12-09 11:09:15excel_case_data.pyget_case_data[line:52]INFO:{'type': 3, 'version': '3.6.0'}
2019-12-09 11:09:15connectionpool.py_new_conn[line:208]DEBUG:Starting new HTTP connection (1): shuitupaycallbackpre.callme.work
2019-12-09 11:09:15connectionpool.py_make_request[line:396]DEBUG:http://shuitupaycallbackpre.callme.work:80 "GET /api/pk/version/checkAppVersion?type=3&version=3.6.0&token=s733a171aff2e4855 HTTP/1.1" 200 None
2019-12-09 11:09:15excel_case_data.pyget_actual_data[line:135]DEBUG:===========实际返回的数据为：<Response [200]>============
2019-12-09 11:09:15LoginTest.pytearDown[line:20]INFO:======This is tearDown function======
2019-12-09 11:09:15LoginTest.pysetUp[line:16]INFO:======This is setUp function======
2019-12-09 11:09:16excel_case_data.pyget_case_data[line:52]INFO:{'tel': 15703034351}
2019-12-09 11:09:16connectionpool.py_new_conn[line:208]DEBUG:Starting new HTTP connection (1): shuitupaycallbackpre.callme.work
2019-12-09 11:09:16connectionpool.py_make_request[line:396]DEBUG:http://shuitupaycallbackpre.callme.work:80 "GET /api/membership/getNotFinishedOrder?tel=15703034351&token=s733a171aff2e4855 HTTP/1.1" 200 None
2019-12-09 11:09:16excel_case_data.pyget_actual_data[line:135]DEBUG:===========实际返回的数据为：<Response [200]>============
2019-12-09 11:09:16LoginTest.pytearDown[line:20]INFO:======This is tearDown function======
2019-12-09 11:09:16LoginTest.pysetUp[line:16]INFO:======This is setUp function======
2019-12-09 11:09:16excel_case_data.pyget_case_data[line:52]INFO:{'prov': '重庆市-重庆市-渝北区'}
2019-12-09 11:09:16connectionpool.py_new_conn[line:208]DEBUG:Starting new HTTP connection (1): shuitupaycallbackpre.callme.work
2019-12-09 11:09:16connectionpool.py_make_request[line:396]DEBUG:http://shuitupaycallbackpre.callme.work:80 "GET /api/membership/depart/requirement?prov=%E9%87%8D%E5%BA%86%E5%B8%82-%E9%87%8D%E5%BA%86%E5%B8%82-%E6%B8%9D%E5%8C%97%E5%8C%BA&token=s733a171aff2e4855 HTTP/1.1" 200 None
2019-12-09 11:09:16excel_case_data.pyget_actual_data[line:135]DEBUG:===========实际返回的数据为：<Response [200]>============
2019-12-09 11:09:16LoginTest.pytearDown[line:20]INFO:======This is tearDown function======
2019-12-09 11:09:16LoginTest.pysetUp[line:16]INFO:======This is setUp function======
2019-12-09 11:09:16excel_case_data.pyget_case_data[line:52]INFO:{'imei': '4A0E5A73-665E-495B-9E93-6BA72FFC7154', 'lat': '29.62184082031251', 'lng': '106.4912483723958', 'type': 102}
2019-12-09 11:09:16connectionpool.py_new_conn[line:208]DEBUG:Starting new HTTP connection (1): shuitupaycallbackpre.callme.work
2019-12-09 11:09:16connectionpool.py_make_request[line:396]DEBUG:http://shuitupaycallbackpre.callme.work:80 "GET /api/pk/ad/find?imei=4A0E5A73-665E-495B-9E93-6BA72FFC7154&lat=29.62184082031251&lng=106.4912483723958&type=102&token=s733a171aff2e4855 HTTP/1.1" 200 None
2019-12-09 11:09:16excel_case_data.pyget_actual_data[line:135]DEBUG:===========实际返回的数据为：<Response [200]>============
2019-12-09 11:09:16LoginTest.pytearDown[line:20]INFO:======This is tearDown function======
2019-12-09 11:09:16LoginTest.pysetUp[line:16]INFO:======This is setUp function======
2019-12-09 11:09:16excel_case_data.pyget_case_data[line:52]INFO:{'businessType': 11, 'searchType': 0, 'source': 0}
2019-12-09 11:09:16connectionpool.py_new_conn[line:208]DEBUG:Starting new HTTP connection (1): shuitupaycallbackpre.callme.work
2019-12-09 11:09:16connectionpool.py_make_request[line:396]DEBUG:http://shuitupaycallbackpre.callme.work:80 "GET /api/trip/bizCity/find?businessType=11&searchType=0&source=0&token=s733a171aff2e4855 HTTP/1.1" 200 None
2019-12-09 11:09:16excel_case_data.pyget_actual_data[line:135]DEBUG:===========实际返回的数据为：<Response [200]>============
2019-12-09 11:09:16LoginTest.pytearDown[line:20]INFO:======This is tearDown function======
2019-12-09 11:09:16LoginTest.pysetUp[line:16]INFO:======This is setUp function======
2019-12-09 11:09:16excel_case_data.pyget_case_data[line:52]INFO:{"Content-Disposition: form-data; name='eLatitude'": '29.557204', "Content-Disposition: form-data; name='eLongitude'": '106.577034', "Content-Disposition: form-data; name='latitude'": '29.62184082031251', "Content-Disposition: form-data; name='longitude'": '106.4912483723958'}
2019-12-09 11:09:16connectionpool.py_new_conn[line:208]DEBUG:Starting new HTTP connection (1): shuitupaycallbackpre.callme.work
2019-12-09 11:09:16connectionpool.py_make_request[line:396]DEBUG:http://shuitupaycallbackpre.callme.work:80 "POST /isEnableService HTTP/1.1" 200 None
2019-12-09 11:09:16excel_case_data.pyget_actual_data[line:135]DEBUG:===========实际返回的数据为：<Response [200]>============
2019-12-09 11:09:16LoginTest.pytearDown[line:20]INFO:======This is tearDown function======
2019-12-09 11:09:16LoginTest.pysetUp[line:16]INFO:======This is setUp function======
2019-12-09 11:09:16excel_case_data.pyget_case_data[line:52]INFO:{'eLatitude': '29.557204', 'eLongitude': '106.577034', 'endArea': '重庆市-重庆市-渝中区', 'sLatitude': '29.62190200000001', 'sLongitude': '106.4912350000001', 'startArea': '重庆市-重庆市-渝北区', 'version': '2.0'}
2019-12-09 11:09:16connectionpool.py_new_conn[line:208]DEBUG:Starting new HTTP connection (1): shuitupaycallbackpre.callme.work
2019-12-09 11:09:16connectionpool.py_make_request[line:396]DEBUG:http://shuitupaycallbackpre.callme.work:80 "GET /api/trip/findRecommendLine?eLatitude=29.557204&eLongitude=106.577034&endArea=%E9%87%8D%E5%BA%86%E5%B8%82-%E9%87%8D%E5%BA%86%E5%B8%82-%E6%B8%9D%E4%B8%AD%E5%8C%BA&sLatitude=29.62190200000001&sLongitude=106.4912350000001&startArea=%E9%87%8D%E5%BA%86%E5%B8%82-%E9%87%8D%E5%BA%86%E5%B8%82-%E6%B8%9D%E5%8C%97%E5%8C%BA&version=2.0&token=s733a171aff2e4855 HTTP/1.1" 200 None
2019-12-09 11:09:16excel_case_data.pyget_actual_data[line:135]DEBUG:===========实际返回的数据为：<Response [200]>============
2019-12-09 11:09:16LoginTest.pytearDown[line:20]INFO:======This is tearDown function======
2019-12-09 11:09:16LoginTest.pysetUp[line:16]INFO:======This is setUp function======
2019-12-09 11:09:16excel_case_data.pyget_case_data[line:52]INFO:{'lineId': 1100}
2019-12-09 11:09:16connectionpool.py_new_conn[line:208]DEBUG:Starting new HTTP connection (1): shuitupaycallbackpre.callme.work
2019-12-09 11:09:16connectionpool.py_make_request[line:396]DEBUG:http://shuitupaycallbackpre.callme.work:80 "GET /api/trip/listLineSameTime?lineId=1100&token=s733a171aff2e4855 HTTP/1.1" 200 None
2019-12-09 11:09:16excel_case_data.pyget_actual_data[line:135]DEBUG:===========实际返回的数据为：<Response [200]>============
2019-12-09 11:09:16LoginTest.pytearDown[line:20]INFO:======This is tearDown function======
2019-12-09 11:09:16LoginTest.pysetUp[line:16]INFO:======This is setUp function======
2019-12-09 11:09:16excel_case_data.pyget_case_data[line:52]INFO:{'appointDate': '2019-12-06 15:41:59', 'type': 2, 'carType': 3, 'sLatitude': '29.621902', 'calcTime': 0, 'orderPerson': 1, 'distance': 0, 'appoint': True, 'orderArea': '重庆市-重庆市-渝北区', 'sLongitude': '106.491235', 'lineId': '1100'}
2019-12-09 11:09:16connectionpool.py_new_conn[line:208]DEBUG:Starting new HTTP connection (1): shuitupaycallbackpre.callme.work
2019-12-09 11:09:17connectionpool.py_make_request[line:396]DEBUG:http://shuitupaycallbackpre.callme.work:80 "POST /api/trip/calcEstimatePrice HTTP/1.1" 200 None
2019-12-09 11:09:17excel_case_data.pyget_actual_data[line:135]DEBUG:===========实际返回的数据为：<Response [200]>============
2019-12-09 11:09:17LoginTest.pytearDown[line:20]INFO:======This is tearDown function======
2019-12-09 11:09:17LoginTest.pysetUp[line:16]INFO:======This is setUp function======
2019-12-09 11:09:17excel_case_data.pyget_case_data[line:52]INFO:
2019-12-09 11:09:17connectionpool.py_new_conn[line:208]DEBUG:Starting new HTTP connection (1): shuitupaycallbackpre.callme.work
2019-12-09 11:09:17connectionpool.py_make_request[line:396]DEBUG:http://shuitupaycallbackpre.callme.work:80 "GET /api/membership/contracts/list HTTP/1.1" 200 None
2019-12-09 11:09:17excel_case_data.pyget_actual_data[line:135]DEBUG:===========实际返回的数据为：<Response [200]>============
2019-12-09 11:09:17LoginTest.pytearDown[line:20]INFO:======This is tearDown function======
2019-12-09 11:13:00LoginTest.pysetUp[line:16]INFO:======This is setUp function======
2019-12-09 11:13:00excel_case_data.pyget_case_data[line:52]INFO:{'loginName': '15703034351'}
2019-12-09 11:13:00connectionpool.py_new_conn[line:208]DEBUG:Starting new HTTP connection (1): shuitupaycallbackpre.callme.work
2019-12-09 11:13:00connectionpool.py_make_request[line:396]DEBUG:http://shuitupaycallbackpre.callme.work:80 "POST /api/membership/isMemberExist HTTP/1.1" 200 None
2019-12-09 11:13:00excel_case_data.pyget_actual_data[line:135]DEBUG:===========实际返回的数据为：<Response [200]>============
2019-12-09 11:13:00LoginTest.pytearDown[line:20]INFO:======This is tearDown function======
2019-12-09 11:13:00LoginTest.pysetUp[line:16]INFO:======This is setUp function======
2019-12-09 11:13:00excel_case_data.pyget_case_data[line:52]INFO:{'clientId': 'b7d0d62ea801c0056e41dc4c3dc9e706', 'loginType': 1, 'password': 'WgeliiPxirTeoOSMy2grSve5SYfMPzORlSLbSb6DM2BTiPFYEsF2dwCFnyO/zK3POWk2S1Q/NlH8ElIHWhmqFUTKWDjqPcgFWQmCyk8WBHOrVYJ/H+z4k9sP1RkKBGhLzRF5tca7SHGj9IG2f13my/x9m0iQAUbb2ebDxR4yOB0=', 'imei': '4A0E5A73-665E-495B-9E93-6BA72FFC7154', 'currLongitude': '106.491235', 'source': 1000012, 'currLatitude': '29.621850', 'mac': '02:00:00:00:00:00', 'loginName': '15703034351'}
2019-12-09 11:13:00connectionpool.py_new_conn[line:208]DEBUG:Starting new HTTP connection (1): shuitupaycallbackpre.callme.work
2019-12-09 11:13:01connectionpool.py_make_request[line:396]DEBUG:http://shuitupaycallbackpre.callme.work:80 "POST /api/membership/login HTTP/1.1" 200 None
2019-12-09 11:13:01excel_case_data.pyget_actual_data[line:135]DEBUG:===========实际返回的数据为：<Response [200]>============
2019-12-09 11:13:01LoginTest.pytearDown[line:20]INFO:======This is tearDown function======
2019-12-09 11:13:01LoginTest.pysetUp[line:16]INFO:======This is setUp function======
2019-12-09 11:13:01excel_case_data.pyget_case_data[line:52]INFO:
2019-12-09 11:13:01connectionpool.py_new_conn[line:208]DEBUG:Starting new HTTP connection (1): shuitupaycallbackpre.callme.work
2019-12-09 11:13:01connectionpool.py_make_request[line:396]DEBUG:http://shuitupaycallbackpre.callme.work:80 "GET /api/membership/getMemberInfo HTTP/1.1" 200 None
2019-12-09 11:13:01excel_case_data.pyget_actual_data[line:135]DEBUG:===========实际返回的数据为：<Response [200]>============
2019-12-09 11:13:01LoginTest.pytearDown[line:20]INFO:======This is tearDown function======
2019-12-09 11:13:01LoginTest.pysetUp[line:16]INFO:======This is setUp function======
2019-12-09 11:13:01excel_case_data.pyget_case_data[line:52]INFO:{'type': 3, 'version': '3.6.0'}
2019-12-09 11:13:01connectionpool.py_new_conn[line:208]DEBUG:Starting new HTTP connection (1): shuitupaycallbackpre.callme.work
2019-12-09 11:13:01connectionpool.py_make_request[line:396]DEBUG:http://shuitupaycallbackpre.callme.work:80 "GET /api/pk/version/checkAppVersion?type=3&version=3.6.0&token=s337d31fbc5cea89f HTTP/1.1" 200 None
2019-12-09 11:13:01excel_case_data.pyget_actual_data[line:135]DEBUG:===========实际返回的数据为：<Response [200]>============
2019-12-09 11:13:01LoginTest.pytearDown[line:20]INFO:======This is tearDown function======
2019-12-09 11:13:01LoginTest.pysetUp[line:16]INFO:======This is setUp function======
2019-12-09 11:13:01excel_case_data.pyget_case_data[line:52]INFO:{'tel': 15703034351}
2019-12-09 11:13:01connectionpool.py_new_conn[line:208]DEBUG:Starting new HTTP connection (1): shuitupaycallbackpre.callme.work
2019-12-09 11:13:01connectionpool.py_make_request[line:396]DEBUG:http://shuitupaycallbackpre.callme.work:80 "GET /api/membership/getNotFinishedOrder?tel=15703034351&token=s337d31fbc5cea89f HTTP/1.1" 200 None
2019-12-09 11:13:01excel_case_data.pyget_actual_data[line:135]DEBUG:===========实际返回的数据为：<Response [200]>============
2019-12-09 11:13:01LoginTest.pytearDown[line:20]INFO:======This is tearDown function======
2019-12-09 11:13:01LoginTest.pysetUp[line:16]INFO:======This is setUp function======
2019-12-09 11:13:01excel_case_data.pyget_case_data[line:52]INFO:{'prov': '重庆市-重庆市-渝北区'}
2019-12-09 11:13:01connectionpool.py_new_conn[line:208]DEBUG:Starting new HTTP connection (1): shuitupaycallbackpre.callme.work
2019-12-09 11:13:01connectionpool.py_make_request[line:396]DEBUG:http://shuitupaycallbackpre.callme.work:80 "GET /api/membership/depart/requirement?prov=%E9%87%8D%E5%BA%86%E5%B8%82-%E9%87%8D%E5%BA%86%E5%B8%82-%E6%B8%9D%E5%8C%97%E5%8C%BA&token=s337d31fbc5cea89f HTTP/1.1" 200 None
2019-12-09 11:13:01excel_case_data.pyget_actual_data[line:135]DEBUG:===========实际返回的数据为：<Response [200]>============
2019-12-09 11:13:01LoginTest.pytearDown[line:20]INFO:======This is tearDown function======
2019-12-09 11:13:01LoginTest.pysetUp[line:16]INFO:======This is setUp function======
2019-12-09 11:13:01excel_case_data.pyget_case_data[line:52]INFO:{'imei': '4A0E5A73-665E-495B-9E93-6BA72FFC7154', 'lat': '29.62184082031251', 'lng': '106.4912483723958', 'type': 102}
2019-12-09 11:13:01connectionpool.py_new_conn[line:208]DEBUG:Starting new HTTP connection (1): shuitupaycallbackpre.callme.work
2019-12-09 11:13:01connectionpool.py_make_request[line:396]DEBUG:http://shuitupaycallbackpre.callme.work:80 "GET /api/pk/ad/find?imei=4A0E5A73-665E-495B-9E93-6BA72FFC7154&lat=29.62184082031251&lng=106.4912483723958&type=102&token=s337d31fbc5cea89f HTTP/1.1" 200 None
2019-12-09 11:13:01excel_case_data.pyget_actual_data[line:135]DEBUG:===========实际返回的数据为：<Response [200]>============
2019-12-09 11:13:01LoginTest.pytearDown[line:20]INFO:======This is tearDown function======
2019-12-09 11:13:01LoginTest.pysetUp[line:16]INFO:======This is setUp function======
2019-12-09 11:13:01excel_case_data.pyget_case_data[line:52]INFO:{'businessType': 11, 'searchType': 0, 'source': 0}
2019-12-09 11:13:01connectionpool.py_new_conn[line:208]DEBUG:Starting new HTTP connection (1): shuitupaycallbackpre.callme.work
2019-12-09 11:13:01connectionpool.py_make_request[line:396]DEBUG:http://shuitupaycallbackpre.callme.work:80 "GET /api/trip/bizCity/find?businessType=11&searchType=0&source=0&token=s337d31fbc5cea89f HTTP/1.1" 200 None
2019-12-09 11:13:01excel_case_data.pyget_actual_data[line:135]DEBUG:===========实际返回的数据为：<Response [200]>============
2019-12-09 11:13:01LoginTest.pytearDown[line:20]INFO:======This is tearDown function======
2019-12-09 11:13:01LoginTest.pysetUp[line:16]INFO:======This is setUp function======
2019-12-09 11:13:01excel_case_data.pyget_case_data[line:52]INFO:{"Content-Disposition: form-data; name='eLatitude'": '29.557204', "Content-Disposition: form-data; name='eLongitude'": '106.577034', "Content-Disposition: form-data; name='latitude'": '29.62184082031251', "Content-Disposition: form-data; name='longitude'": '106.4912483723958'}
2019-12-09 11:13:01connectionpool.py_new_conn[line:208]DEBUG:Starting new HTTP connection (1): shuitupaycallbackpre.callme.work
2019-12-09 11:13:01connectionpool.py_make_request[line:396]DEBUG:http://shuitupaycallbackpre.callme.work:80 "POST /isEnableService HTTP/1.1" 200 None
2019-12-09 11:13:01excel_case_data.pyget_actual_data[line:135]DEBUG:===========实际返回的数据为：<Response [200]>============
2019-12-09 11:13:01LoginTest.pytearDown[line:20]INFO:======This is tearDown function======
2019-12-09 11:13:01LoginTest.pysetUp[line:16]INFO:======This is setUp function======
2019-12-09 11:13:01excel_case_data.pyget_case_data[line:52]INFO:{'eLatitude': '29.557204', 'eLongitude': '106.577034', 'endArea': '重庆市-重庆市-渝中区', 'sLatitude': '29.62190200000001', 'sLongitude': '106.4912350000001', 'startArea': '重庆市-重庆市-渝北区', 'version': '2.0'}
2019-12-09 11:13:01connectionpool.py_new_conn[line:208]DEBUG:Starting new HTTP connection (1): shuitupaycallbackpre.callme.work
2019-12-09 11:13:01connectionpool.py_make_request[line:396]DEBUG:http://shuitupaycallbackpre.callme.work:80 "GET /api/trip/findRecommendLine?eLatitude=29.557204&eLongitude=106.577034&endArea=%E9%87%8D%E5%BA%86%E5%B8%82-%E9%87%8D%E5%BA%86%E5%B8%82-%E6%B8%9D%E4%B8%AD%E5%8C%BA&sLatitude=29.62190200000001&sLongitude=106.4912350000001&startArea=%E9%87%8D%E5%BA%86%E5%B8%82-%E9%87%8D%E5%BA%86%E5%B8%82-%E6%B8%9D%E5%8C%97%E5%8C%BA&version=2.0&token=s337d31fbc5cea89f HTTP/1.1" 200 None
2019-12-09 11:13:01excel_case_data.pyget_actual_data[line:135]DEBUG:===========实际返回的数据为：<Response [200]>============
2019-12-09 11:13:01LoginTest.pytearDown[line:20]INFO:======This is tearDown function======
2019-12-09 11:13:01LoginTest.pysetUp[line:16]INFO:======This is setUp function======
2019-12-09 11:13:01excel_case_data.pyget_case_data[line:52]INFO:{'lineId': 1100}
2019-12-09 11:13:01connectionpool.py_new_conn[line:208]DEBUG:Starting new HTTP connection (1): shuitupaycallbackpre.callme.work
2019-12-09 11:13:02connectionpool.py_make_request[line:396]DEBUG:http://shuitupaycallbackpre.callme.work:80 "GET /api/trip/listLineSameTime?lineId=1100&token=s337d31fbc5cea89f HTTP/1.1" 200 None
2019-12-09 11:13:02excel_case_data.pyget_actual_data[line:135]DEBUG:===========实际返回的数据为：<Response [200]>============
2019-12-09 11:13:02LoginTest.pytearDown[line:20]INFO:======This is tearDown function======
2019-12-09 11:13:02LoginTest.pysetUp[line:16]INFO:======This is setUp function======
2019-12-09 11:13:02excel_case_data.pyget_case_data[line:52]INFO:{'appointDate': '2019-12-06 15:41:59', 'type': 2, 'carType': 3, 'sLatitude': '29.621902', 'calcTime': 0, 'orderPerson': 1, 'distance': 0, 'appoint': True, 'orderArea': '重庆市-重庆市-渝北区', 'sLongitude': '106.491235', 'lineId': '1100'}
2019-12-09 11:13:02connectionpool.py_new_conn[line:208]DEBUG:Starting new HTTP connection (1): shuitupaycallbackpre.callme.work
2019-12-09 11:13:02connectionpool.py_make_request[line:396]DEBUG:http://shuitupaycallbackpre.callme.work:80 "POST /api/trip/calcEstimatePrice HTTP/1.1" 200 None
2019-12-09 11:13:02excel_case_data.pyget_actual_data[line:135]DEBUG:===========实际返回的数据为：<Response [200]>============
2019-12-09 11:13:02LoginTest.pytearDown[line:20]INFO:======This is tearDown function======
2019-12-09 11:13:02LoginTest.pysetUp[line:16]INFO:======This is setUp function======
2019-12-09 11:13:02excel_case_data.pyget_case_data[line:52]INFO:
2019-12-09 11:13:02connectionpool.py_new_conn[line:208]DEBUG:Starting new HTTP connection (1): shuitupaycallbackpre.callme.work
2019-12-09 11:13:02connectionpool.py_make_request[line:396]DEBUG:http://shuitupaycallbackpre.callme.work:80 "GET /api/membership/contracts/list HTTP/1.1" 200 None
2019-12-09 11:13:02excel_case_data.pyget_actual_data[line:135]DEBUG:===========实际返回的数据为：<Response [200]>============
2019-12-09 11:13:02LoginTest.pytearDown[line:20]INFO:======This is tearDown function======
2019-12-09 11:13:02LoginTest.pysetUp[line:16]INFO:======This is setUp function======
2019-12-09 11:13:02excel_case_data.pyget_case_data[line:52]INFO:{'isSelect': 1, 'orderArea': '重庆市-重庆市-渝北区', 'orderType': 2, 'showType': 1, 'lineId': 1100, 'appoint': 2}
2019-12-09 11:13:02connectionpool.py_new_conn[line:208]DEBUG:Starting new HTTP connection (1): shuitupaycallbackpre.callme.work
2019-12-09 11:13:02connectionpool.py_make_request[line:396]DEBUG:http://shuitupaycallbackpre.callme.work:80 "GET /api/pk/coupon/find?isSelect=1&orderArea=%E9%87%8D%E5%BA%86%E5%B8%82-%E9%87%8D%E5%BA%86%E5%B8%82-%E6%B8%9D%E5%8C%97%E5%8C%BA&orderType=2&showType=1&lineId=1100&appoint=2&token=s337d31fbc5cea89f HTTP/1.1" 200 None
2019-12-09 11:13:02excel_case_data.pyget_actual_data[line:135]DEBUG:===========实际返回的数据为：<Response [200]>============
2019-12-09 11:13:02LoginTest.pytearDown[line:20]INFO:======This is tearDown function======
